{
  "uid": "28a86987501f2d3f",
  "name": "test_login[admin-12345-00-vcode-erro]",
  "fullName": "testcase.testwoniusales.TestWoniuSales#test_login",
  "historyId": "100c87fea2233b86307f74a6fb1809a1",
  "time": {
    "start": 1663926193347,
    "stop": 1663926193358,
    "duration": 11
  },
  "status": "failed",
  "statusMessage": "AssertionError: assert 'vcode-error' == 'vcode-erro'\n  - vcode-erro\n  + vcode-error\n  ?           +",
  "statusTrace": "self = <testwoniusales.TestWoniuSales object at 0x0000017DC9A6C8D0>\nusername = 'admin', password = '12345', verifycode = '00', expect = 'vcode-erro'\n\n    @pytest.mark.parametrize(\"username,password,verifycode,expect\",logindata)\n    def test_login(self,username,password,verifycode,expect):\n        res = self.wn.login(username,password,verifycode)\n>       assert res.text==expect\nE       AssertionError: assert 'vcode-error' == 'vcode-erro'\nE         - vcode-erro\nE         + vcode-error\nE         ?           +\n\ntestcase\\testwoniusales.py:28: AssertionError",
  "flaky": false,
  "newFailed": false,
  "beforeStages": [
    {
      "name": "_xunit_setup_class_fixture_TestWoniuSales",
      "time": {
        "start": 1663926193283,
        "stop": 1663926193301,
        "duration": 18
      },
      "status": "passed",
      "steps": [],
      "attachments": [],
      "parameters": [],
      "attachmentsCount": 0,
      "shouldDisplayMessage": false,
      "hasContent": false,
      "stepsCount": 0
    },
    {
      "name": "_session_faker",
      "time": {
        "start": 1663926193191,
        "stop": 1663926193283,
        "duration": 92
      },
      "status": "passed",
      "steps": [],
      "attachments": [],
      "parameters": [],
      "attachmentsCount": 0,
      "shouldDisplayMessage": false,
      "hasContent": false,
      "stepsCount": 0
    }
  ],
  "afterStages": [
    {
      "name": "_xunit_setup_class_fixture_TestWoniuSales::0",
      "time": {
        "start": 1663926194072,
        "stop": 1663926194072,
        "duration": 0
      },
      "status": "passed",
      "steps": [],
      "attachments": [],
      "parameters": [],
      "attachmentsCount": 0,
      "shouldDisplayMessage": false,
      "hasContent": false,
      "stepsCount": 0
    }
  ],
  "labels": [
    {
      "name": "parentSuite",
      "value": "testcase"
    },
    {
      "name": "suite",
      "value": "testwoniusales"
    },
    {
      "name": "subSuite",
      "value": "TestWoniuSales"
    },
    {
      "name": "host",
      "value": "DESKTOP-HPUC7CA"
    },
    {
      "name": "thread",
      "value": "13992-MainThread"
    },
    {
      "name": "framework",
      "value": "pytest"
    },
    {
      "name": "language",
      "value": "cpython3"
    },
    {
      "name": "package",
      "value": "testcase.testwoniusales"
    },
    {
      "name": "resultFormat",
      "value": "allure2"
    }
  ],
  "parameters": [
    {
      "name": "expect",
      "value": "'vcode-erro'"
    },
    {
      "name": "password",
      "value": "'12345'"
    },
    {
      "name": "username",
      "value": "'admin'"
    },
    {
      "name": "verifycode",
      "value": "'00'"
    }
  ],
  "links": [],
  "hidden": false,
  "retry": false,
  "extra": {
    "severity": "normal",
    "retries": [],
    "categories": [
      {
        "name": "Product defects",
        "matchedStatuses": [],
        "flaky": false
      }
    ],
    "tags": []
  },
  "source": "28a86987501f2d3f.json",
  "parameterValues": [
    "'vcode-erro'",
    "'12345'",
    "'admin'",
    "'00'"
  ]
}